{"level":"info","message":{},"timestamp":"2022-11-09T03:48:23.752Z"}
{"level":"info","match":{"_id":"6369463e3586c7c528b90194","sportEvent":{"_id":"6368cde86e939ca24399adc5","sportEventCategory":"Inter college","sportEventName":"bgf rthhth"},"sportEventMatchClass":{"_id":"63689978b3797fc8b4b0e569"},"sportEventMatchName":"veferf hrghierg","sportFreePlayer":[]},"message":"One Match Data","timestamp":"2022-11-09T03:48:23.908Z"}
{"level":"info","message":"{\"message\":\"One Match Data\",\"match\":{\"_id\":\"6369463e3586c7c528b90194\",\"sportEventMatchName\":\"veferf hrghierg\",\"sportEventMatchClass\":{\"_id\":\"63689978b3797fc8b4b0e569\"},\"sportFreePlayer\":[],\"sportEvent\":{\"_id\":\"6368cde86e939ca24399adc5\",\"sportEventName\":\"bgf rthhth\",\"sportEventCategory\":\"Inter college\"}},\"level\":\"info\"}","timestamp":"2022-11-09T03:48:23.916Z"}
{"level":"info","message":{},"timestamp":"2022-11-09T03:52:23.571Z"}
{"level":"info","match":{"_id":"6369463e3586c7c528b90194","sportEvent":{"_id":"6368cde86e939ca24399adc5","sportEventCategory":"Inter college","sportEventName":"bgf rthhth"},"sportEventMatchClass":{"_id":"63689978b3797fc8b4b0e569"},"sportEventMatchName":"veferf hrghierg","sportFreePlayer":[],"sportInterFreePlayer":[],"sportInterParticipants":[]},"message":"One Match Data","timestamp":"2022-11-09T03:52:23.757Z"}
{"level":"info","message":"{\"message\":\"One Match Data\",\"match\":{\"_id\":\"6369463e3586c7c528b90194\",\"sportEventMatchName\":\"veferf hrghierg\",\"sportEventMatchClass\":{\"_id\":\"63689978b3797fc8b4b0e569\"},\"sportFreePlayer\":[],\"sportInterParticipants\":[],\"sportInterFreePlayer\":[],\"sportEvent\":{\"_id\":\"6368cde86e939ca24399adc5\",\"sportEventName\":\"bgf rthhth\",\"sportEventCategory\":\"Inter college\"}},\"level\":\"info\"}","timestamp":"2022-11-09T03:52:23.763Z"}
{"level":"info","message":{},"timestamp":"2022-11-09T04:10:45.937Z"}
{"level":"info","message":{},"timestamp":"2022-11-09T04:12:13.307Z"}
{"level":"info","match":{"_id":"6369463e3586c7c528b90194","sportEvent":{"_id":"6368cde86e939ca24399adc5","sportEventCategory":"Inter college","sportEventName":"bgf rthhth"},"sportEventMatchClass":{"_id":"63689978b3797fc8b4b0e569"},"sportEventMatchName":"veferf hrghierg","sportFreePlayer":[],"sportInterFreePlayer":[]},"message":"One Match Data","timestamp":"2022-11-09T04:12:13.566Z"}
{"level":"info","message":"{\"message\":\"One Match Data\",\"match\":{\"_id\":\"6369463e3586c7c528b90194\",\"sportEventMatchName\":\"veferf hrghierg\",\"sportEventMatchClass\":{\"_id\":\"63689978b3797fc8b4b0e569\"},\"sportFreePlayer\":[],\"sportInterFreePlayer\":[],\"sportEvent\":{\"_id\":\"6368cde86e939ca24399adc5\",\"sportEventName\":\"bgf rthhth\",\"sportEventCategory\":\"Inter college\"}},\"level\":\"info\"}","timestamp":"2022-11-09T04:12:13.572Z"}
{"level":"info","message":{},"timestamp":"2022-11-09T04:13:00.536Z"}
{"level":"info","match":{"_id":"63693e803586c7c528b9009a","sportEvent":{"_id":"6368aceeffdd98170cec7a70","sportEventCategory":"Intra college","sportEventName":"Cultural Event"},"sportEventMatchClass":{"_id":"63689978b3797fc8b4b0e569"},"sportEventMatchName":"Table Tennis","sportFreePlayer":[],"sportInterFreePlayer":[],"sportRunner":{"_id":"636275d20534444c1ea876fa","photoId":"0","studentFirstName":"Prashant","studentLastName":"Warungase","studentProfilePhoto":"408b4643bb6a0aa87496dba684ae083b"},"sportWinner":{"_id":"6360bbd6f10c337ebccb6c18","photoId":"0","studentFirstName":"Ankush","studentLastName":"Kumar","studentProfilePhoto":"320b519e106783e6d08abb6e7ff63743"}},"message":"One Match Data","timestamp":"2022-11-09T04:13:00.670Z"}
{"level":"info","message":"{\"message\":\"One Match Data\",\"match\":{\"_id\":\"63693e803586c7c528b9009a\",\"sportEventMatchName\":\"Table Tennis\",\"sportEventMatchClass\":{\"_id\":\"63689978b3797fc8b4b0e569\"},\"sportFreePlayer\":[],\"sportInterFreePlayer\":[],\"sportEvent\":{\"_id\":\"6368aceeffdd98170cec7a70\",\"sportEventName\":\"Cultural Event\",\"sportEventCategory\":\"Intra college\"},\"sportRunner\":{\"_id\":\"636275d20534444c1ea876fa\",\"studentFirstName\":\"Prashant\",\"studentLastName\":\"Warungase\",\"photoId\":\"0\",\"studentProfilePhoto\":\"408b4643bb6a0aa87496dba684ae083b\"},\"sportWinner\":{\"_id\":\"6360bbd6f10c337ebccb6c18\",\"studentFirstName\":\"Ankush\",\"studentLastName\":\"Kumar\",\"photoId\":\"0\",\"studentProfilePhoto\":\"320b519e106783e6d08abb6e7ff63743\"}},\"level\":\"info\"}","timestamp":"2022-11-09T04:13:00.673Z"}
{"level":"info","message":{},"timestamp":"2022-11-09T10:27:41.815Z"}
{"level":"info","match":{"_id":"636b5c51bb42932a9b036d5e","matchStatus":"Not Completed","sportEvent":{"_id":"6368cde86e939ca24399adc5","sportEventCategory":"Inter college","sportEventName":"bgf rthhth"},"sportEventMatchClass":{"_id":"63689978b3797fc8b4b0e569"},"sportEventMatchName":"Inter Individual Match","sportFreePlayer":[],"sportInterFreePlayer":[]},"message":"One Match Data","timestamp":"2022-11-09T10:27:42.003Z"}
{"level":"info","message":"{\"message\":\"One Match Data\",\"match\":{\"_id\":\"636b5c51bb42932a9b036d5e\",\"sportEventMatchName\":\"Inter Individual Match\",\"sportEventMatchClass\":{\"_id\":\"63689978b3797fc8b4b0e569\"},\"sportFreePlayer\":[],\"matchStatus\":\"Not Completed\",\"sportInterFreePlayer\":[],\"sportEvent\":{\"_id\":\"6368cde86e939ca24399adc5\",\"sportEventName\":\"bgf rthhth\",\"sportEventCategory\":\"Inter college\"}},\"level\":\"info\"}","timestamp":"2022-11-09T10:27:42.010Z"}
{"level":"info","message":{},"timestamp":"2022-11-09T10:35:49.964Z"}
{"level":"info","match":{"_id":"636b5c51bb42932a9b036d5e","matchStatus":"Not Completed","sportEvent":{"_id":"6368cde86e939ca24399adc5","sportEventCategory":"Inter college","sportEventName":"bgf rthhth"},"sportEventMatchClass":{"_id":"63689978b3797fc8b4b0e569"},"sportEventMatchName":"Inter Individual Match","sportFreePlayer":[],"sportInterFreePlayer":[]},"message":"One Match Data","timestamp":"2022-11-09T10:35:50.074Z"}
{"level":"info","message":"{\"message\":\"One Match Data\",\"match\":{\"_id\":\"636b5c51bb42932a9b036d5e\",\"sportEventMatchName\":\"Inter Individual Match\",\"sportEventMatchClass\":{\"_id\":\"63689978b3797fc8b4b0e569\"},\"sportFreePlayer\":[],\"matchStatus\":\"Not Completed\",\"sportInterFreePlayer\":[],\"sportEvent\":{\"_id\":\"6368cde86e939ca24399adc5\",\"sportEventName\":\"bgf rthhth\",\"sportEventCategory\":\"Inter college\"}},\"level\":\"info\"}","timestamp":"2022-11-09T10:35:50.076Z"}
{"level":"info","message":{"sportEventMatchCategory":"Free Style","sportEventMatchCategoryLevel":"Final Match","sportEventMatchClass":"633ec50419abab7a02eea03c","sportEventMatchDate":"20 November 2022","sportEventMatchName":"Stumble Guys","sportPlayerFree":["Pankaj Phad","Ankush Kumar","Tushar Bhambere","Nikita Soni"]},"timestamp":"2022-11-09T10:57:57.065Z"}
{"level":"info","message":{"sportEventMatchCategory":"Free Style","sportEventMatchCategoryLevel":"Final Match","sportEventMatchClass":"633ec50419abab7a02eea03c","sportEventMatchDate":"20 November 2022","sportEventMatchName":"Stumble Guys","sportPlayerFree":["Pankaj Phad","Ankush Kumar","Tushar Bhambere","Nikita Soni"]},"timestamp":"2022-11-09T10:58:50.545Z"}
{"level":"info","message":{"sportEventMatchCategory":"Free Style","sportEventMatchCategoryLevel":"Final Match","sportEventMatchClass":"633ec50419abab7a02eea03c","sportEventMatchDate":"20 November 2022","sportEventMatchName":"Stumble Guys","sportPlayerFree":["Pankaj Phad","Ankush Kumar","Tushar Bhambere","Nikita Soni"]},"timestamp":"2022-11-09T11:00:03.877Z"}
{"level":"info","message":{"sportEventMatchCategory":"Free Style","sportEventMatchCategoryLevel":"Final Match","sportEventMatchClass":"6360b23851d30672ae8d0103","sportEventMatchDate":"20 November 2022","sportEventMatchName":"Stumble Guys","sportPlayerFree":["Pankaj Phad","Ankush Kumar","Tushar Bhambere","Nikita Soni"]},"timestamp":"2022-11-09T11:16:55.914Z"}
{"level":"info","message":{"sportEventMatchCategory":"Free Style","sportEventMatchCategoryLevel":"Final Match","sportEventMatchClass":"63689978b3797fc8b4b0e569","sportEventMatchDate":"20 November 2022","sportEventMatchName":"Stumble Guys","sportPlayerFree":["Pankaj Phad","Ankush Kumar","Tushar Bhambere","Nikita Soni"]},"timestamp":"2022-11-09T11:18:29.549Z"}
{"level":"info","match":"636b8c85ca4de17507019d23","message":"Inter Match Created","status":true,"timestamp":"2022-11-09T11:18:30.014Z"}
{"level":"info","message":"{\"message\":\"Inter Match Created\",\"match\":\"636b8c85ca4de17507019d23\",\"status\":true,\"level\":\"info\"}","timestamp":"2022-11-09T11:18:30.021Z"}
{"level":"info","message":{"sportEventMatchCategory":"Free Style","sportEventMatchCategoryLevel":"Final Match","sportEventMatchClass":"63689978b3797fc8b4b0e569","sportEventMatchDate":"20 November 2022","sportEventMatchName":"Stumble Guys","sportPlayerFree":["Pankaj Phad","Ankush Kumar","Tushar Bhambere","Nikita Soni"]},"timestamp":"2022-11-09T11:23:50.947Z"}
{"level":"info","match":"636b8dc7ca4de17507019d3b","message":"Inter Match Created","status":true,"timestamp":"2022-11-09T11:23:51.164Z"}
{"level":"info","message":"{\"message\":\"Inter Match Created\",\"match\":\"636b8dc7ca4de17507019d3b\",\"status\":true,\"level\":\"info\"}","timestamp":"2022-11-09T11:23:51.165Z"}
{"level":"info","message":{},"timestamp":"2022-11-09T11:23:59.280Z"}
{"level":"info","match":{"_id":"636b8dc7ca4de17507019d3b","matchStatus":"Not Completed","sportEvent":{"_id":"6368cde86e939ca24399adc5","sportEventCategory":"Inter college","sportEventName":"bgf rthhth"},"sportEventMatchClass":{"_id":"63689978b3797fc8b4b0e569"},"sportEventMatchName":"Stumble Guys","sportFreePlayer":[],"sportInterFreePlayer":[]},"message":"One Match Data","timestamp":"2022-11-09T11:23:59.370Z"}
{"level":"info","message":"{\"message\":\"One Match Data\",\"match\":{\"_id\":\"636b8dc7ca4de17507019d3b\",\"sportEventMatchName\":\"Stumble Guys\",\"sportEventMatchClass\":{\"_id\":\"63689978b3797fc8b4b0e569\"},\"sportFreePlayer\":[],\"matchStatus\":\"Not Completed\",\"sportInterFreePlayer\":[],\"sportEvent\":{\"_id\":\"6368cde86e939ca24399adc5\",\"sportEventName\":\"bgf rthhth\",\"sportEventCategory\":\"Inter college\"}},\"level\":\"info\"}","timestamp":"2022-11-09T11:23:59.372Z"}
{"level":"info","message":{"sportEventMatchCategory":"Free Style","sportEventMatchCategoryLevel":"Final Match","sportEventMatchClass":"63689978b3797fc8b4b0e569","sportEventMatchDate":"20 November 2022","sportEventMatchName":"Stumble Guys","sportPlayer":"Abhishek Singh"},"timestamp":"2022-11-09T11:26:13.234Z"}
{"level":"info","message":{"sportEventMatchCategory":"Free Style","sportEventMatchCategoryLevel":"Final Match","sportEventMatchClass":"63689978b3797fc8b4b0e569","sportEventMatchDate":"20 November 2022","sportEventMatchName":"Stumble Guys","sportPlayer":"Abhishek Singh"},"timestamp":"2022-11-09T11:30:04.304Z"}
{"level":"info","message":{"sportEventMatchCategory":"Free Style","sportEventMatchCategoryLevel":"Final Match","sportEventMatchClass":"63689978b3797fc8b4b0e569","sportEventMatchDate":"20 November 2022","sportEventMatchName":"Stumble Guys","sportPlayerFree":["Pankaj Phad","Ankush Kumar","Tushar Bhambere","Nikita Soni"]},"timestamp":"2022-11-09T11:32:32.237Z"}
{"level":"info","match":"636b8fd02a3fc39cdc3d1b5f","message":"Inter Match Created","status":true,"timestamp":"2022-11-09T11:32:32.621Z"}
{"level":"info","message":"{\"message\":\"Inter Match Created\",\"match\":\"636b8fd02a3fc39cdc3d1b5f\",\"status\":true,\"level\":\"info\"}","timestamp":"2022-11-09T11:32:32.625Z"}
{"level":"info","message":{"sportEventMatchCategory":"Free Style","sportEventMatchCategoryLevel":"Final Match","sportEventMatchClass":"63689978b3797fc8b4b0e569","sportEventMatchDate":"20 November 2022","sportEventMatchName":"Stumble Guys","sportPlayerFree":["Pankaj Phad","Ankush Kumar","Tushar Bhambere","Nikita Soni"]},"timestamp":"2022-11-09T11:34:42.450Z"}
{"level":"info","match":"636b905279780208318d1090","message":"Inter Match Created","status":true,"timestamp":"2022-11-09T11:34:42.969Z"}
{"level":"info","message":"{\"message\":\"Inter Match Created\",\"match\":\"636b905279780208318d1090\",\"status\":true,\"level\":\"info\"}","timestamp":"2022-11-09T11:34:42.972Z"}
{"level":"info","message":{},"timestamp":"2022-11-09T11:34:50.719Z"}
{"level":"info","match":{"_id":"636b905279780208318d1090","matchStatus":"Not Completed","sportEvent":{"_id":"6368cde86e939ca24399adc5","sportEventCategory":"Inter college","sportEventName":"bgf rthhth"},"sportEventMatchClass":{"_id":"63689978b3797fc8b4b0e569"},"sportEventMatchName":"Stumble Guys","sportFreePlayer":[],"sportInterFreePlayer":[]},"message":"One Match Data","timestamp":"2022-11-09T11:34:50.826Z"}
{"level":"info","message":"{\"message\":\"One Match Data\",\"match\":{\"_id\":\"636b905279780208318d1090\",\"sportEventMatchName\":\"Stumble Guys\",\"sportEventMatchClass\":{\"_id\":\"63689978b3797fc8b4b0e569\"},\"sportFreePlayer\":[],\"matchStatus\":\"Not Completed\",\"sportInterFreePlayer\":[],\"sportEvent\":{\"_id\":\"6368cde86e939ca24399adc5\",\"sportEventName\":\"bgf rthhth\",\"sportEventCategory\":\"Inter college\"}},\"level\":\"info\"}","timestamp":"2022-11-09T11:34:50.829Z"}
{"level":"info","message":{"sportEventMatchCategory":"Free Style","sportEventMatchCategoryLevel":"Final Match","sportEventMatchClass":"63689978b3797fc8b4b0e569","sportEventMatchDate":"20 November 2022","sportEventMatchName":"Stumble Guys","sportPlayerName":"AbhishekJr"},"timestamp":"2022-11-09T11:37:37.366Z"}
{"level":"info","match":"636b91010e597bf739a72d1e","message":"Inter Match Created","status":true,"timestamp":"2022-11-09T11:37:37.710Z"}
{"level":"info","message":"{\"message\":\"Inter Match Created\",\"match\":\"636b91010e597bf739a72d1e\",\"status\":true,\"level\":\"info\"}","timestamp":"2022-11-09T11:37:37.713Z"}
{"level":"info","message":{},"timestamp":"2022-11-09T11:38:10.142Z"}
{"level":"info","match":{"_id":"636b91010e597bf739a72d1e","matchStatus":"Not Completed","sportEvent":{"_id":"6368cde86e939ca24399adc5","sportEventCategory":"Inter college","sportEventName":"bgf rthhth"},"sportEventMatchClass":{"_id":"63689978b3797fc8b4b0e569"},"sportEventMatchName":"Stumble Guys","sportFreePlayer":[],"sportInterFreePlayer":[]},"message":"One Match Data","timestamp":"2022-11-09T11:38:10.734Z"}
{"level":"info","message":"{\"message\":\"One Match Data\",\"match\":{\"_id\":\"636b91010e597bf739a72d1e\",\"sportEventMatchName\":\"Stumble Guys\",\"sportEventMatchClass\":{\"_id\":\"63689978b3797fc8b4b0e569\"},\"sportFreePlayer\":[],\"matchStatus\":\"Not Completed\",\"sportInterFreePlayer\":[],\"sportEvent\":{\"_id\":\"6368cde86e939ca24399adc5\",\"sportEventName\":\"bgf rthhth\",\"sportEventCategory\":\"Inter college\"}},\"level\":\"info\"}","timestamp":"2022-11-09T11:38:10.742Z"}
{"level":"info","message":{"sportEventMatchCategory":"Free Style","sportEventMatchCategoryLevel":"Final Match","sportEventMatchClass":"63689978b3797fc8b4b0e569","sportEventMatchDate":"20 November 2022","sportEventMatchName":"Stumble Guys","sportPlayerName":"AbhishekJr"},"timestamp":"2022-11-09T11:40:41.858Z"}
{"level":"info","match":"636b91ba8ff9322217941213","message":"Inter Match Created","status":true,"timestamp":"2022-11-09T11:40:42.338Z"}
{"level":"info","message":"{\"message\":\"Inter Match Created\",\"match\":\"636b91ba8ff9322217941213\",\"status\":true,\"level\":\"info\"}","timestamp":"2022-11-09T11:40:42.340Z"}
{"level":"info","message":{},"timestamp":"2022-11-09T11:40:53.401Z"}
{"level":"info","match":{"_id":"636b91ba8ff9322217941213","matchStatus":"Not Completed","sportEvent":{"_id":"6368cde86e939ca24399adc5","sportEventCategory":"Inter college","sportEventName":"bgf rthhth"},"sportEventMatchClass":{"_id":"63689978b3797fc8b4b0e569"},"sportEventMatchName":"Stumble Guys","sportFreePlayer":[],"sportInterFreePlayer":[],"sportInterPlayer1":"AbhishekJr"},"message":"One Match Data","timestamp":"2022-11-09T11:40:53.505Z"}
{"level":"info","message":"{\"message\":\"One Match Data\",\"match\":{\"_id\":\"636b91ba8ff9322217941213\",\"sportEventMatchName\":\"Stumble Guys\",\"sportEventMatchClass\":{\"_id\":\"63689978b3797fc8b4b0e569\"},\"sportFreePlayer\":[],\"matchStatus\":\"Not Completed\",\"sportInterFreePlayer\":[],\"sportEvent\":{\"_id\":\"6368cde86e939ca24399adc5\",\"sportEventName\":\"bgf rthhth\",\"sportEventCategory\":\"Inter college\"},\"sportInterPlayer1\":\"AbhishekJr\"},\"level\":\"info\"}","timestamp":"2022-11-09T11:40:53.508Z"}
{"level":"info","message":{"sportEventMatchCategory":"Free Style","sportEventMatchCategoryLevel":"Final Match","sportEventMatchClass":"63689978b3797fc8b4b0e569","sportEventMatchDate":"20 November 2022","sportEventMatchName":"Stumble Guys","sportTeamName":"Stumble Team"},"timestamp":"2022-11-09T11:41:22.024Z"}
{"level":"info","match":"636b91e38ff9322217941224","message":"Inter Match Created","status":true,"timestamp":"2022-11-09T11:41:23.248Z"}
{"level":"info","message":"{\"message\":\"Inter Match Created\",\"match\":\"636b91e38ff9322217941224\",\"status\":true,\"level\":\"info\"}","timestamp":"2022-11-09T11:41:23.250Z"}
{"level":"info","message":{},"timestamp":"2022-11-09T11:41:31.247Z"}
{"level":"info","match":{"_id":"636b91e38ff9322217941224","matchStatus":"Not Completed","sportEvent":{"_id":"6368cde86e939ca24399adc5","sportEventCategory":"Inter college","sportEventName":"bgf rthhth"},"sportEventMatchClass":{"_id":"63689978b3797fc8b4b0e569"},"sportEventMatchName":"Stumble Guys","sportFreePlayer":[],"sportInterFreePlayer":[],"sportInterTeam1":"Stumble Team"},"message":"One Match Data","timestamp":"2022-11-09T11:41:31.335Z"}
{"level":"info","message":"{\"message\":\"One Match Data\",\"match\":{\"_id\":\"636b91e38ff9322217941224\",\"sportEventMatchName\":\"Stumble Guys\",\"sportEventMatchClass\":{\"_id\":\"63689978b3797fc8b4b0e569\"},\"sportFreePlayer\":[],\"matchStatus\":\"Not Completed\",\"sportInterFreePlayer\":[],\"sportEvent\":{\"_id\":\"6368cde86e939ca24399adc5\",\"sportEventName\":\"bgf rthhth\",\"sportEventCategory\":\"Inter college\"},\"sportInterTeam1\":\"Stumble Team\"},\"level\":\"info\"}","timestamp":"2022-11-09T11:41:31.336Z"}
{"level":"info","message":{"sportEventMatchCategory":"Free Style","sportEventMatchCategoryLevel":"Final Match","sportEventMatchClass":"63689978b3797fc8b4b0e569","sportEventMatchDate":"20 November 2022","sportEventMatchName":"Stumble Guys","sportPlayerFree":["Pankaj Phad","Ankush Kumar","Tushar Bhambere","Nikita Soni"]},"timestamp":"2022-11-09T11:41:46.846Z"}
{"level":"info","match":"636b91fb8ff9322217941235","message":"Inter Match Created","status":true,"timestamp":"2022-11-09T11:41:47.071Z"}
{"level":"info","message":"{\"message\":\"Inter Match Created\",\"match\":\"636b91fb8ff9322217941235\",\"status\":true,\"level\":\"info\"}","timestamp":"2022-11-09T11:41:47.072Z"}
{"level":"info","message":{},"timestamp":"2022-11-09T11:41:53.389Z"}
{"level":"info","match":{"_id":"636b91fb8ff9322217941235","matchStatus":"Not Completed","sportEvent":{"_id":"6368cde86e939ca24399adc5","sportEventCategory":"Inter college","sportEventName":"bgf rthhth"},"sportEventMatchClass":{"_id":"63689978b3797fc8b4b0e569"},"sportEventMatchName":"Stumble Guys","sportFreePlayer":[],"sportInterFreePlayer":["Pankaj Phad","Ankush Kumar","Tushar Bhambere","Nikita Soni"]},"message":"One Match Data","timestamp":"2022-11-09T11:41:53.473Z"}
{"level":"info","message":"{\"message\":\"One Match Data\",\"match\":{\"_id\":\"636b91fb8ff9322217941235\",\"sportEventMatchName\":\"Stumble Guys\",\"sportEventMatchClass\":{\"_id\":\"63689978b3797fc8b4b0e569\"},\"sportFreePlayer\":[],\"matchStatus\":\"Not Completed\",\"sportInterFreePlayer\":[\"Pankaj Phad\",\"Ankush Kumar\",\"Tushar Bhambere\",\"Nikita Soni\"],\"sportEvent\":{\"_id\":\"6368cde86e939ca24399adc5\",\"sportEventName\":\"bgf rthhth\",\"sportEventCategory\":\"Inter college\"}},\"level\":\"info\"}","timestamp":"2022-11-09T11:41:53.476Z"}
{"level":"info","message":{},"timestamp":"2022-11-09T11:43:08.235Z"}
{"level":"info","match":{"_id":"636b91e38ff9322217941224","matchStatus":"Not Completed","sportEvent":{"_id":"6368cde86e939ca24399adc5","sportEventCategory":"Inter college","sportEventName":"bgf rthhth"},"sportEventMatchClass":{"_id":"63689978b3797fc8b4b0e569"},"sportEventMatchName":"Stumble Guys","sportFreePlayer":[],"sportInterFreePlayer":[],"sportInterTeam1":"Stumble Team"},"message":"One Match Data","timestamp":"2022-11-09T11:43:08.318Z"}
{"level":"info","message":"{\"message\":\"One Match Data\",\"match\":{\"_id\":\"636b91e38ff9322217941224\",\"sportEventMatchName\":\"Stumble Guys\",\"sportEventMatchClass\":{\"_id\":\"63689978b3797fc8b4b0e569\"},\"sportFreePlayer\":[],\"matchStatus\":\"Not Completed\",\"sportInterFreePlayer\":[],\"sportEvent\":{\"_id\":\"6368cde86e939ca24399adc5\",\"sportEventName\":\"bgf rthhth\",\"sportEventCategory\":\"Inter college\"},\"sportInterTeam1\":\"Stumble Team\"},\"level\":\"info\"}","timestamp":"2022-11-09T11:43:08.319Z"}
{"level":"info","message":{},"timestamp":"2022-11-09T11:43:28.894Z"}
{"level":"info","match":{"_id":"636b91ba8ff9322217941213","matchStatus":"Not Completed","sportEvent":{"_id":"6368cde86e939ca24399adc5","sportEventCategory":"Inter college","sportEventName":"bgf rthhth"},"sportEventMatchClass":{"_id":"63689978b3797fc8b4b0e569"},"sportEventMatchName":"Stumble Guys","sportFreePlayer":[],"sportInterFreePlayer":[],"sportInterPlayer1":"AbhishekJr"},"message":"One Match Data","timestamp":"2022-11-09T11:43:28.976Z"}
{"level":"info","message":"{\"message\":\"One Match Data\",\"match\":{\"_id\":\"636b91ba8ff9322217941213\",\"sportEventMatchName\":\"Stumble Guys\",\"sportEventMatchClass\":{\"_id\":\"63689978b3797fc8b4b0e569\"},\"sportFreePlayer\":[],\"matchStatus\":\"Not Completed\",\"sportInterFreePlayer\":[],\"sportEvent\":{\"_id\":\"6368cde86e939ca24399adc5\",\"sportEventName\":\"bgf rthhth\",\"sportEventCategory\":\"Inter college\"},\"sportInterPlayer1\":\"AbhishekJr\"},\"level\":\"info\"}","timestamp":"2022-11-09T11:43:28.977Z"}
{"level":"info","message":{"sportEventMatchCategory":"Free Style","sportEventMatchCategoryLevel":"Final Match","sportEventMatchClass":"63689978b3797fc8b4b0e569","sportEventMatchDate":"20 November 2022","sportEventMatchName":"Stumble Guys","sportPlayer":"636275d20534444c1ea876fa"},"timestamp":"2022-11-09T12:03:15.705Z"}
{"level":"info","message":{"sportEventMatchCategory":"Free Style","sportEventMatchCategoryLevel":"Final Match","sportEventMatchClass":"63689978b3797fc8b4b0e569","sportEventMatchDate":"20 November 2022","sportEventMatchName":"Stumble Guys","sportPlayer":"636275d20534444c1ea876fa"},"timestamp":"2022-11-09T12:03:49.266Z"}
{"level":"info","match":"636b97266666ddf6295ec51a","message":"Inter Match Created","status":true,"timestamp":"2022-11-09T12:03:51.138Z"}
{"level":"info","message":"{\"message\":\"Inter Match Created\",\"match\":\"636b97266666ddf6295ec51a\",\"status\":true,\"level\":\"info\"}","timestamp":"2022-11-09T12:03:51.141Z"}
{"level":"info","message":{},"timestamp":"2022-11-09T12:04:05.637Z"}
{"level":"info","match":{"_id":"636b97266666ddf6295ec51a","matchStatus":"Not Completed","sportEvent":{"_id":"6368cde86e939ca24399adc5","sportEventCategory":"Inter college","sportEventName":"bgf rthhth"},"sportEventMatchClass":{"_id":"63689978b3797fc8b4b0e569"},"sportEventMatchName":"Stumble Guys","sportFreePlayer":[],"sportPlayer1":{"_id":"636275d20534444c1ea876fa","studentFirstName":"Prashant","studentLastName":"Warungase"}},"message":"One Match Data","timestamp":"2022-11-09T12:04:05.876Z"}
{"level":"info","message":"{\"message\":\"One Match Data\",\"match\":{\"_id\":\"636b97266666ddf6295ec51a\",\"sportEventMatchName\":\"Stumble Guys\",\"sportEventMatchClass\":{\"_id\":\"63689978b3797fc8b4b0e569\"},\"sportFreePlayer\":[],\"matchStatus\":\"Not Completed\",\"sportEvent\":{\"_id\":\"6368cde86e939ca24399adc5\",\"sportEventName\":\"bgf rthhth\",\"sportEventCategory\":\"Inter college\"},\"sportPlayer1\":{\"_id\":\"636275d20534444c1ea876fa\",\"studentFirstName\":\"Prashant\",\"studentLastName\":\"Warungase\"}},\"level\":\"info\"}","timestamp":"2022-11-09T12:04:05.881Z"}
{"level":"info","message":{"sportEventMatchCategory":"Free Style","sportEventMatchCategoryLevel":"Final Match","sportEventMatchClass":"63689978b3797fc8b4b0e569","sportEventMatchDate":"20 November 2022","sportEventMatchName":"Inter Player By Qviple","sportPlayer":"636275d20534444c1ea876fa"},"timestamp":"2022-11-09T12:11:09.820Z"}
{"level":"info","match":"636b98dd6666ddf6295ec539","message":"Inter Match Created","status":true,"timestamp":"2022-11-09T12:11:10.297Z"}
{"level":"info","message":"{\"message\":\"Inter Match Created\",\"match\":\"636b98dd6666ddf6295ec539\",\"status\":true,\"level\":\"info\"}","timestamp":"2022-11-09T12:11:10.299Z"}
{"level":"info","message":{"sportEventMatchCategory":"Free Style","sportEventMatchCategoryLevel":"Final Match","sportEventMatchClass":"63689978b3797fc8b4b0e569","sportEventMatchDate":"20 November 2022","sportEventMatchName":"Inter Team By Qviple","sportTeam":"6368bc31ffdd98170cec7bf5"},"timestamp":"2022-11-09T12:11:57.461Z"}
{"level":"info","match":"636b990d6666ddf6295ec548","message":"Inter Match Created","status":true,"timestamp":"2022-11-09T12:11:57.661Z"}
{"level":"info","message":"{\"message\":\"Inter Match Created\",\"match\":\"636b990d6666ddf6295ec548\",\"status\":true,\"level\":\"info\"}","timestamp":"2022-11-09T12:11:57.661Z"}
{"level":"info","message":{},"timestamp":"2022-11-09T12:12:02.614Z"}
{"level":"info","match":{"_id":"636b98dd6666ddf6295ec539","matchStatus":"Not Completed","sportEvent":{"_id":"6368cde86e939ca24399adc5","sportEventCategory":"Inter college","sportEventName":"bgf rthhth"},"sportEventMatchClass":{"_id":"63689978b3797fc8b4b0e569"},"sportEventMatchName":"Inter Player By Qviple","sportFreePlayer":[],"sportPlayer1":{"_id":"636275d20534444c1ea876fa","studentFirstName":"Prashant","studentLastName":"Warungase"}},"message":"One Match Data","timestamp":"2022-11-09T12:12:02.705Z"}
{"level":"info","message":"{\"message\":\"One Match Data\",\"match\":{\"_id\":\"636b98dd6666ddf6295ec539\",\"sportEventMatchName\":\"Inter Player By Qviple\",\"sportEventMatchClass\":{\"_id\":\"63689978b3797fc8b4b0e569\"},\"sportFreePlayer\":[],\"matchStatus\":\"Not Completed\",\"sportEvent\":{\"_id\":\"6368cde86e939ca24399adc5\",\"sportEventName\":\"bgf rthhth\",\"sportEventCategory\":\"Inter college\"},\"sportPlayer1\":{\"_id\":\"636275d20534444c1ea876fa\",\"studentFirstName\":\"Prashant\",\"studentLastName\":\"Warungase\"}},\"level\":\"info\"}","timestamp":"2022-11-09T12:12:02.711Z"}
{"level":"info","message":{},"timestamp":"2022-11-09T12:12:14.002Z"}
{"level":"info","match":{"_id":"636b990d6666ddf6295ec548","matchStatus":"Not Completed","sportEvent":{"_id":"6368cde86e939ca24399adc5","sportEventCategory":"Inter college","sportEventName":"bgf rthhth"},"sportEventMatchClass":{"_id":"63689978b3797fc8b4b0e569"},"sportEventMatchName":"Inter Team By Qviple","sportFreePlayer":[]},"message":"One Match Data","timestamp":"2022-11-09T12:12:14.089Z"}
{"level":"info","message":"{\"message\":\"One Match Data\",\"match\":{\"_id\":\"636b990d6666ddf6295ec548\",\"sportEventMatchName\":\"Inter Team By Qviple\",\"sportEventMatchClass\":{\"_id\":\"63689978b3797fc8b4b0e569\"},\"sportFreePlayer\":[],\"matchStatus\":\"Not Completed\",\"sportEvent\":{\"_id\":\"6368cde86e939ca24399adc5\",\"sportEventName\":\"bgf rthhth\",\"sportEventCategory\":\"Inter college\"}},\"level\":\"info\"}","timestamp":"2022-11-09T12:12:14.093Z"}
{"level":"info","message":{"sportEventMatchCategory":"Team","sportEventMatchCategoryLevel":"Final Match","sportEventMatchClass":"63689978b3797fc8b4b0e569","sportEventMatchDate":"20 November 2022","sportEventMatchName":"Inter Team By Qviple","sportTeam":"6368bc65ffdd98170cec7c0b"},"timestamp":"2022-11-09T12:16:17.998Z"}
{"level":"info","match":"636b9a126666ddf6295ec565","message":"Inter Match Created","status":true,"timestamp":"2022-11-09T12:16:18.213Z"}
{"level":"info","message":"{\"message\":\"Inter Match Created\",\"match\":\"636b9a126666ddf6295ec565\",\"status\":true,\"level\":\"info\"}","timestamp":"2022-11-09T12:16:18.214Z"}
{"level":"info","message":{},"timestamp":"2022-11-09T12:16:26.932Z"}
{"level":"info","match":{"_id":"636b9a126666ddf6295ec565","matchStatus":"Not Completed","sportEvent":{"_id":"6368cde86e939ca24399adc5","sportEventCategory":"Inter college","sportEventName":"bgf rthhth"},"sportEventMatchClass":{"_id":"63689978b3797fc8b4b0e569"},"sportEventMatchName":"Inter Team By Qviple","sportFreePlayer":[]},"message":"One Match Data","timestamp":"2022-11-09T12:16:27.023Z"}
{"level":"info","message":"{\"message\":\"One Match Data\",\"match\":{\"_id\":\"636b9a126666ddf6295ec565\",\"sportEventMatchName\":\"Inter Team By Qviple\",\"sportEventMatchClass\":{\"_id\":\"63689978b3797fc8b4b0e569\"},\"sportFreePlayer\":[],\"matchStatus\":\"Not Completed\",\"sportEvent\":{\"_id\":\"6368cde86e939ca24399adc5\",\"sportEventName\":\"bgf rthhth\",\"sportEventCategory\":\"Inter college\"}},\"level\":\"info\"}","timestamp":"2022-11-09T12:16:27.026Z"}
